
build/rel/rubix-imgproc.o:     file format pe-bigobj-x86-64


Disassembly of section .rdata:

0000000000000000 <.rdata>:
   0:	48                   	rex.W
   1:	65 6c                	gs insb (%dx),%es:(%rdi)
   3:	6c                   	insb   (%dx),%es:(%rdi)
   4:	6f                   	outsl  %ds:(%rsi),(%dx)
   5:	20 77 6f             	and    %dh,0x6f(%rdi)
   8:	72 6c                	jb     76 <.rdata+0x76>
   a:	64 21 00             	and    %eax,%fs:(%rax)
   d:	00 00                	add    %al,(%rax)
	...

Disassembly of section .text.startup:

0000000000000000 <main>:
   0:	53                   	push   %rbx
   1:	48 83 ec 30          	sub    $0x30,%rsp
   5:	e8 00 00 00 00       	call   a <main+0xa>
   a:	48 8b 1d 00 00 00 00 	mov    0x0(%rip),%rbx        # 11 <main+0x11>
  11:	48 85 db             	test   %rbx,%rbx
  14:	0f 84 ab 00 00 00    	je     c5 <main+0xc5>
  1a:	41 b8 0c 00 00 00    	mov    $0xc,%r8d
  20:	48 8d 15 00 00 00 00 	lea    0x0(%rip),%rdx        # 27 <main+0x27>
  27:	48 89 d9             	mov    %rbx,%rcx
  2a:	e8 00 00 00 00       	call   2f <main+0x2f>
  2f:	c6 44 24 2f 0a       	movb   $0xa,0x2f(%rsp)
  34:	48 85 db             	test   %rbx,%rbx
  37:	0f 84 88 00 00 00    	je     c5 <main+0xc5>
  3d:	48 8b 03             	mov    (%rbx),%rax
  40:	48 83 f8 18          	cmp    $0x18,%rax
  44:	72 7f                	jb     c5 <main+0xc5>
  46:	48 89 c2             	mov    %rax,%rdx
  49:	48 83 ea 18          	sub    $0x18,%rdx
  4d:	74 76                	je     c5 <main+0xc5>
  4f:	83 e2 07             	and    $0x7,%edx
  52:	75 71                	jne    c5 <main+0xc5>
  54:	48 8b 40 e8          	mov    -0x18(%rax),%rax
  58:	48 8d 14 03          	lea    (%rbx,%rax,1),%rdx
  5c:	48 85 c0             	test   %rax,%rax
  5f:	78 6f                	js     d0 <main+0xd0>
  61:	48 39 da             	cmp    %rbx,%rdx
  64:	72 5f                	jb     c5 <main+0xc5>
  66:	ba 10 01 00 00       	mov    $0x110,%edx
  6b:	48 89 d9             	mov    %rbx,%rcx
  6e:	48 39 d0             	cmp    %rdx,%rax
  71:	48 0f 43 d0          	cmovae %rax,%rdx
  75:	48 29 c2             	sub    %rax,%rdx
  78:	48 01 c1             	add    %rax,%rcx
  7b:	74 48                	je     c5 <main+0xc5>
  7d:	f6 c1 07             	test   $0x7,%cl
  80:	75 43                	jne    c5 <main+0xc5>
  82:	48 85 db             	test   %rbx,%rbx
  85:	74 3e                	je     c5 <main+0xc5>
  87:	48 85 c0             	test   %rax,%rax
  8a:	78 34                	js     c0 <main+0xc0>
  8c:	48 39 d9             	cmp    %rbx,%rcx
  8f:	72 34                	jb     c5 <main+0xc5>
  91:	48 83 fa 18          	cmp    $0x18,%rdx
  95:	72 2e                	jb     c5 <main+0xc5>
  97:	48 83 f9 f0          	cmp    $0xfffffffffffffff0,%rcx
  9b:	73 28                	jae    c5 <main+0xc5>
  9d:	48 83 79 10 00       	cmpq   $0x0,0x10(%rcx)
  a2:	74 33                	je     d7 <main+0xd7>
  a4:	48 8d 54 24 2f       	lea    0x2f(%rsp),%rdx
  a9:	41 b8 01 00 00 00    	mov    $0x1,%r8d
  af:	48 89 d9             	mov    %rbx,%rcx
  b2:	e8 00 00 00 00       	call   b7 <main+0xb7>
  b7:	31 c0                	xor    %eax,%eax
  b9:	48 83 c4 30          	add    $0x30,%rsp
  bd:	5b                   	pop    %rbx
  be:	c3                   	ret
  bf:	90                   	nop
  c0:	48 39 cb             	cmp    %rcx,%rbx
  c3:	73 cc                	jae    91 <main+0x91>
  c5:	0f 0b                	ud2
  c7:	66 0f 1f 84 00 00 00 	nopw   0x0(%rax,%rax,1)
  ce:	00 00 
  d0:	48 39 d3             	cmp    %rdx,%rbx
  d3:	73 91                	jae    66 <main+0x66>
  d5:	0f 0b                	ud2
  d7:	48 85 db             	test   %rbx,%rbx
  da:	74 e9                	je     c5 <main+0xc5>
  dc:	ba 0a 00 00 00       	mov    $0xa,%edx
  e1:	48 89 d9             	mov    %rbx,%rcx
  e4:	e8 00 00 00 00       	call   e9 <main+0xe9>
  e9:	eb cc                	jmp    b7 <main+0xb7>
  eb:	90                   	nop
  ec:	90                   	nop
  ed:	90                   	nop
  ee:	90                   	nop
  ef:	90                   	nop

Disassembly of section .xdata.startup:

0000000000000000 <.xdata.startup>:
   0:	01 05 02 00 05 52    	add    %eax,0x52050002(%rip)        # 52050008 <.xdata.startup+0x52050008>
   6:	01 30                	add    %esi,(%rax)

Disassembly of section .pdata.startup:

0000000000000000 <.pdata.startup>:
   0:	00 00                	add    %al,(%rax)
   2:	00 00                	add    %al,(%rax)
   4:	eb 00                	jmp    6 <.pdata.startup+0x6>
   6:	00 00                	add    %al,(%rax)
   8:	00 00                	add    %al,(%rax)
	...

Disassembly of section .rdata$zzz:

0000000000000000 <.rdata$zzz>:
   0:	47                   	rex.RXB
   1:	43                   	rex.XB
   2:	43 3a 20             	rex.XB cmp (%r8),%spl
   5:	28 47 4e             	sub    %al,0x4e(%rdi)
   8:	55                   	push   %rbp
   9:	29 20                	sub    %esp,(%rax)
   b:	31 35 2e 31 2e 30    	xor    %esi,0x302e312e(%rip)        # 302e313f <.rdata$zzz+0x302e313f>
	...

Disassembly of section .rdata$.refptr._ZSt4cout:

0000000000000000 <.refptr._ZSt4cout>:
	...
